<?xml version="1.0" encoding="UTF-8"?>
<testng-results skipped="0" failed="0" total="1" passed="1">
  <reporter-output>
    <line>
      <![CDATA[]]>
    </line>
  </reporter-output>
  <suite name="Default suite" duration-ms="2405" started-at="2018-08-10T10:37:20Z" finished-at="2018-08-10T10:37:22Z">
    <groups>
    </groups>
    <test name="Default test" duration-ms="2405" started-at="2018-08-10T10:37:20Z" finished-at="2018-08-10T10:37:22Z">
      <class name="com.Lib.ScriptDeom">
        <test-method status="PASS" signature="test()" name="test" duration-ms="2364" started-at="2018-08-10T10:37:20Z" finished-at="2018-08-10T10:37:22Z">
        </test-method>
      </class>
    </test>
  </suite>
</testng-results>
