<?xml version="1.0" encoding="UTF-8"?>
<testng-results skipped="0" failed="0" total="1" passed="1">
  <reporter-output>
  </reporter-output>
  <suite name="Default suite" duration-ms="9045" started-at="2018-08-14T13:01:01Z" finished-at="2018-08-14T13:01:10Z">
    <groups>
    </groups>
    <test name="Default test" duration-ms="9045" started-at="2018-08-14T13:01:01Z" finished-at="2018-08-14T13:01:10Z">
      <class name="com.tests.server.TestAutomation_01">
        <test-method status="PASS" signature="updateServerCategory()" name="updateServerCategory" is-config="true" duration-ms="1151" started-at="2018-08-14T13:01:01Z" finished-at="2018-08-14T13:01:02Z">
        </test-method>
        <test-method status="PASS" signature="updateCategoryRecived()" name="updateCategoryRecived" duration-ms="7879" started-at="2018-08-14T13:01:02Z" description="updated category received" finished-at="2018-08-14T13:01:10Z">
        </test-method>
      </class>
    </test>
  </suite>
</testng-results>
